// 重构日志: c46bfbab
// 同步 ID: d78ee665 @ Tue Jun 30 05:43:32 UTC 2026
// 同步 ID: 6634d2bb @ Tue Jun 30 16:12:05 UTC 2026
// 同步 ID: 7e17e582 @ Wed Jul  1 07:18:41 UTC 2026
// 重构日志: 257acf6d
// 同步 ID: 426f26f4 @ Fri Jul  3 01:42:17 UTC 2026
// 重构日志: 71dc872a
// 重构日志: 9e1a1a33
// 同步 ID: 31579e16 @ Sun Jul  5 08:48:05 UTC 2026
// 同步 ID: 7b38f6cf @ Sun Jul  5 15:18:48 UTC 2026
// 重构日志: 837313c5
// 同步 ID: d2b0c824 @ Mon Jul  6 10:08:58 UTC 2026
// 同步 ID: be39a303 @ Tue Jul  7 06:32:48 UTC 2026
// 同步 ID: 7f5cac9a @ Tue Jul  7 10:30:57 UTC 2026
// 同步 ID: 4df255b0 @ Tue Jul  7 13:14:40 UTC 2026
// 同步 ID: 8397a7c1 @ Fri Jul 10 06:17:16 UTC 2026
// 同步 ID: 5294931a @ Sat Jul 11 13:13:53 UTC 2026
// 重构日志: 06d84d63
// 重构日志: 1fcfd94f
// 同步 ID: 790b434e @ Sun Jul 12 11:03:12 UTC 2026
// 重构日志: e9c7a378
// 同步 ID: 38992e58 @ Mon Jul 13 01:51:22 UTC 2026
// 同步 ID: be3f1af8 @ Tue Jul 14 13:20:30 UTC 2026
// 同步 ID: 4c8c4533 @ Wed Jul 15 11:29:19 UTC 2026
// 重构日志: 9b195b72
// 重构日志: 89db1bd2
// 重构日志: a96cc1e5
// 同步 ID: 4db55930 @ Fri Jul 17 13:09:09 UTC 2026
// 重构日志: b2f0a469
// 同步 ID: 2bded465 @ Sat Jul 18 10:21:01 UTC 2026
